<?xml version="1.0" encoding="UTF-8"?>
<robot generator="Robot 6.0.2 (Python 3.11.2 on win32)" generated="20230222 16:37:17.647" rpa="false" schemaversion="3">
<suite id="s1" name="Test" source="C:\Users\mahesh.koppana\PycharmProjects\pythonProject\automation\test.robot">
<test id="s1-t1" name="Google" line="8">
<kw name="Open Browser" library="SeleniumLibrary">
<arg>${url}</arg>
<arg>${browser}</arg>
<doc>Opens a new browser instance to the optional ``url``.</doc>
<msg timestamp="20230222 16:37:18.002" level="INFO">Opening browser 'chrome' to base url 'http://15.206.247.212:3000/'.</msg>
<status status="PASS" starttime="20230222 16:37:17.986" endtime="20230222 16:37:24.044"/>
</kw>
<kw name="Maximize Browser Window" library="SeleniumLibrary">
<doc>Maximizes current browser window.</doc>
<status status="PASS" starttime="20230222 16:37:24.045" endtime="20230222 16:37:24.163"/>
</kw>
<status status="PASS" starttime="20230222 16:37:17.986" endtime="20230222 16:37:24.165"/>
</test>
<status status="PASS" starttime="20230222 16:37:17.647" endtime="20230222 16:37:24.165"/>
</suite>
<statistics>
<total>
<stat pass="1" fail="0" skip="0">All Tests</stat>
</total>
<tag>
</tag>
<suite>
<stat pass="1" fail="0" skip="0" id="s1" name="Test">Test</stat>
</suite>
</statistics>
<errors>
</errors>
</robot>
